-------------------------------------------------------------------------------
Test set: Parallel04IT
-------------------------------------------------------------------------------
Tests run: 3, Failures: 2, Errors: 0, Skipped: 0, Time elapsed: 17.571 s <<< FAILURE! - in Parallel04IT
Then i force a fail(Scenario: User can just fail)  Time elapsed: 0.007 s  <<< FAILURE!
org.junit.ComparisonFailure: expected:<[tru]e> but was:<[fals]e>

Scenario: User can just fail  Time elapsed: 0.007 s  <<< FAILURE!
org.junit.ComparisonFailure: expected:<[tru]e> but was:<[fals]e>

