<?xml version="1.0" encoding="UTF-8"?>
<testsuite xmlns:xsi="http://www.w3.org/2001/XMLSchema-instance" xsi:noNamespaceSchemaLocation="https://maven.apache.org/surefire/maven-surefire-plugin/xsd/surefire-test-report.xsd" name="Parallel03IT" time="18.901" tests="4" errors="0" skipped="0" failures="0">
  <properties>
[...]
</properties>
  <testcase name="And I am on the calculator page" classname="Scenario: User can do subtraction" time="0"/>
  <testcase name="When I subtract 99 from 1000" classname="Scenario: User can do subtraction" time="0"/>
  <testcase name="Then I should get 901" classname="Scenario: User can do subtraction" time="0"/>
  <testcase name="Scenario: User can do subtraction" classname="Scenario: User can do subtraction" time="0.073"/>
</testsuite>